
> client@0.0.0 dev
> vite


  [32m[1mVITE[22m v7.1.12[39m  [2mready in [0m[1m18697[22m[2m[0m ms[22m

  [32m➜[39m  [1mLocal[22m:   [36mhttp://localhost:[1m5173[22m/[39m
[2m  [32m➜[39m  [1mNetwork[22m[2m: use [22m[1m--host[22m[2m to expose[22m
[2m[32m  ➜[39m[22m[2m  press [22m[1mh + enter[22m[2m to show help[22m
[2m2:30:13 PM[22m [36m[1m[vite][22m[39m [90m[2m(client)[22m[39m [32mhmr update [39m[2m/src/App.jsx, /src/App.css, /src/components/index.css, /src/index.css[22m
[2m2:30:13 PM[22m [36m[1m[vite][22m[39m [90m[2m(client)[22m[39m [32mhmr update [39m[2m/src/App.jsx, /src/App.css, /src/components/index.css, /src/index.css[22m
[2m2:30:14 PM[22m [31m[1m[vite][22m[39m [31mInternal server error: Failed to resolve import "./components/ContactSection" from "src/App.jsx". Does the file exist?[39m
  Plugin: [35mvite:import-analysis[39m
  File: [36mC:/Users/Admin/Desktop/smallStep/hungry-monk/client/src/App.jsx[39m:11:27
[33m  10 |  import VideoSection from "./components/Video";
  11 |  import MenuSection from "./components/MenuSection";
  12 |  import ContactSection from "./components/ContactSection";
     |                              ^
  13 |  function App() {
  14 |    _s();[39m
      at TransformPluginContext._formatLog (file:///C:/Users/Admin/Desktop/smallStep/hungry-monk/client/node_modules/vite/dist/node/chunks/config.js:31106:43)
      at TransformPluginContext.error (file:///C:/Users/Admin/Desktop/smallStep/hungry-monk/client/node_modules/vite/dist/node/chunks/config.js:31103:14)
      at normalizeUrl (file:///C:/Users/Admin/Desktop/smallStep/hungry-monk/client/node_modules/vite/dist/node/chunks/config.js:29590:18)
      at process.processTicksAndRejections (node:internal/process/task_queues:105:5)
      at async file:///C:/Users/Admin/Desktop/smallStep/hungry-monk/client/node_modules/vite/dist/node/chunks/config.js:29648:32
      at async Promise.all (index 10)
      at async TransformPluginContext.transform (file:///C:/Users/Admin/Desktop/smallStep/hungry-monk/client/node_modules/vite/dist/node/chunks/config.js:29616:4)
      at async EnvironmentPluginContainer.transform (file:///C:/Users/Admin/Desktop/smallStep/hungry-monk/client/node_modules/vite/dist/node/chunks/config.js:30905:14)
      at async loadAndTransform (file:///C:/Users/Admin/Desktop/smallStep/hungry-monk/client/node_modules/vite/dist/node/chunks/config.js:26043:26)
      at async viteTransformMiddleware (file:///C:/Users/Admin/Desktop/smallStep/hungry-monk/client/node_modules/vite/dist/node/chunks/config.js:27118:20)
[2m2:30:15 PM[22m [31m[1m[vite][22m[39m [31mInternal server error: Failed to resolve import "./components/ContactSection" from "src/App.jsx". Does the file exist?[39m
  Plugin: [35mvite:import-analysis[39m
  File: [36mC:/Users/Admin/Desktop/smallStep/hungry-monk/client/src/App.jsx[39m:11:27
[33m  10 |  import VideoSection from "./components/Video";
  11 |  import MenuSection from "./components/MenuSection";
  12 |  import ContactSection from "./components/ContactSection";
     |                              ^
  13 |  function App() {
  14 |    _s();[39m
      at TransformPluginContext._formatLog (file:///C:/Users/Admin/Desktop/smallStep/hungry-monk/client/node_modules/vite/dist/node/chunks/config.js:31106:43)
      at TransformPluginContext.error (file:///C:/Users/Admin/Desktop/smallStep/hungry-monk/client/node_modules/vite/dist/node/chunks/config.js:31103:14)
      at normalizeUrl (file:///C:/Users/Admin/Desktop/smallStep/hungry-monk/client/node_modules/vite/dist/node/chunks/config.js:29590:18)
      at process.processTicksAndRejections (node:internal/process/task_queues:105:5)
      at async file:///C:/Users/Admin/Desktop/smallStep/hungry-monk/client/node_modules/vite/dist/node/chunks/config.js:29648:32
      at async Promise.all (index 10)
      at async TransformPluginContext.transform (file:///C:/Users/Admin/Desktop/smallStep/hungry-monk/client/node_modules/vite/dist/node/chunks/config.js:29616:4)
      at async EnvironmentPluginContainer.transform (file:///C:/Users/Admin/Desktop/smallStep/hungry-monk/client/node_modules/vite/dist/node/chunks/config.js:30905:14)
      at async loadAndTransform (file:///C:/Users/Admin/Desktop/smallStep/hungry-monk/client/node_modules/vite/dist/node/chunks/config.js:26043:26)
      at async viteTransformMiddleware (file:///C:/Users/Admin/Desktop/smallStep/hungry-monk/client/node_modules/vite/dist/node/chunks/config.js:27118:20)
[2m2:30:37 PM[22m [36m[1m[vite][22m[39m [90m[2m(client)[22m[39m [32mhmr update [39m[2m/src/components/Hero.jsx, /src/App.css, /src/components/index.css, /src/index.css[22m
[2m2:30:42 PM[22m [36m[1m[vite][22m[39m [90m[2m(client)[22m[39m [32mhmr update [39m[2m/src/components/Feature.jsx, /src/App.css, /src/components/index.css, /src/index.css[22m
[2m2:30:48 PM[22m [36m[1m[vite][22m[39m [90m[2m(client)[22m[39m [32mhmr update [39m[2m/src/App.css, /src/components/index.css, /src/index.css, /src/components/NavBar.jsx[22m
[2m2:30:59 PM[22m [36m[1m[vite][22m[39m [90m[2m(client)[22m[39m [32mhmr update [39m[2m/src/components/Header.jsx, /src/App.css, /src/components/index.css, /src/index.css[22m
[2m2:31:13 PM[22m [36m[1m[vite][22m[39m [90m[2m(client)[22m[39m [32mhmr update [39m[2m/src/App.css, /src/components/index.css, /src/index.css, /src/components/ContactButton.jsx[22m
[2m2:32:07 PM[22m [36m[1m[vite][22m[39m [90m[2m(client)[22m[39m [32mhmr update [39m[2m/src/components/MenuSection.jsx, /src/App.css, /src/components/index.css, /src/index.css[22m
[2m2:32:16 PM[22m [36m[1m[vite][22m[39m [90m[2m(client)[22m[39m [32mhmr update [39m[2m/src/components/Video.jsx, /src/App.css, /src/components/index.css, /src/index.css[22m
[2m2:33:05 PM[22m [36m[1m[vite][22m[39m [90m[2m(client)[22m[39m [32mhmr update [39m[2m/src/components/Footer.jsx, /src/App.css, /src/components/index.css, /src/index.css[22m
[2m2:33:17 PM[22m [36m[1m[vite][22m[39m [90m[2m(client)[22m[39m [32mpage reload [39m[2msrc/App.jsx[22m
[2m2:33:26 PM[22m [36m[1m[vite][22m[39m [90m[2m(client)[22m[39m [32mhmr update [39m[2m/src/index.css, /src/App.css, /src/components/index.css[22m
[2m2:33:50 PM[22m [36m[1m[vite][22m[39m [90m[2m(client)[22m[39m [32mhmr update [39m[2m/src/components/Hero.jsx, /src/App.css, /src/components/index.css, /src/index.css[22m
[2m2:33:50 PM[22m [36m[1m[vite][22m[39m [90m[2m(client)[22m[39m [32mhmr update [39m[2m/src/index.css, /src/App.css, /src/components/index.css[22m
[2m2:33:50 PM[22m [36m[1m[vite][22m[39m [90m[2m(client)[22m[39m [32mhmr update [39m[2m/src/components/Feature.jsx, /src/App.css, /src/components/index.css, /src/index.css[22m
[2m2:33:50 PM[22m [36m[1m[vite][22m[39m [90m[2m(client)[22m[39m [32mhmr update [39m[2m/src/App.css, /src/components/index.css, /src/index.css, /src/components/NavBar.jsx[22m
[2m2:33:50 PM[22m [36m[1m[vite][22m[39m [90m[2m(client)[22m[39m [32mhmr update [39m[2m/src/components/Header.jsx, /src/App.css, /src/components/index.css, /src/index.css[22m
[2m2:33:50 PM[22m [36m[1m[vite][22m[39m [90m[2m(client)[22m[39m [32mhmr update [39m[2m/src/App.css, /src/components/index.css, /src/index.css, /src/components/ContactButton.jsx[22m
[2m2:33:50 PM[22m [36m[1m[vite][22m[39m [90m[2m(client)[22m[39m [32mhmr update [39m[2m/src/components/MenuSection.jsx, /src/App.css, /src/components/index.css, /src/index.css[22m
[2m2:33:50 PM[22m [36m[1m[vite][22m[39m [90m[2m(client)[22m[39m [32mhmr update [39m[2m/src/components/Video.jsx, /src/App.css, /src/components/index.css, /src/index.css[22m
[2m2:33:50 PM[22m [36m[1m[vite][22m[39m [90m[2m(client)[22m[39m [32mhmr update [39m[2m/src/App.css, /src/components/index.css, /src/index.css, /src/components/ContactSection.jsx[22m
[2m2:33:50 PM[22m [36m[1m[vite][22m[39m [90m[2m(client)[22m[39m [32mhmr update [39m[2m/src/components/Footer.jsx, /src/App.css, /src/components/index.css, /src/index.css[22m
[2m2:33:50 PM[22m [36m[1m[vite][22m[39m [90m[2m(client)[22m[39m [32mhmr update [39m[2m/src/App.jsx, /src/App.css, /src/components/index.css, /src/index.css[22m
[2m2:33:50 PM[22m [36m[1m[vite][22m[39m [90m[2m(client)[22m[39m [32mhmr update [39m[2m/src/index.css, /src/App.css, /src/components/index.css[22m
[2m2:34:12 PM[22m [36m[1m[vite][22m[39m [90m[2m(client)[22m[39m [32mhmr update [39m[2m/src/App.jsx, /src/App.css, /src/components/index.css, /src/index.css[22m
[2m2:45:03 PM[22m [36m[1m[vite][22m[39m [90m[2m(client)[22m[39m [32mhmr update [39m[2m/src/App.css, /src/components/index.css, /src/index.css, /src/components/NavBar.jsx[22m
[2m2:45:11 PM[22m [36m[1m[vite][22m[39m [90m[2m(client)[22m[39m [32mhmr update [39m[2m/src/App.css, /src/components/index.css, /src/index.css, /src/components/ContactButton.jsx[22m
[2m2:45:20 PM[22m [36m[1m[vite][22m[39m [90m[2m(client)[22m[39m [32mhmr update [39m[2m/src/components/Header.jsx, /src/App.css, /src/components/index.css, /src/index.css[22m
[2m2:45:30 PM[22m [36m[1m[vite][22m[39m [90m[2m(client)[22m[39m [32mhmr update [39m[2m/src/App.css, /src/components/index.css, /src/index.css, /src/components/NavBar.jsx[22m
[2m2:45:30 PM[22m [36m[1m[vite][22m[39m [90m[2m(client)[22m[39m [32mhmr update [39m[2m/src/App.css, /src/components/index.css, /src/index.css, /src/components/ContactButton.jsx[22m
[2m2:45:30 PM[22m [36m[1m[vite][22m[39m [90m[2m(client)[22m[39m [32mhmr update [39m[2m/src/components/Header.jsx, /src/App.css, /src/components/index.css, /src/index.css[22m
[2m2:49:40 PM[22m [36m[1m[vite][22m[39m [90m[2m(client)[22m[39m [32mhmr update [39m[2m/src/components/Header.jsx, /src/App.css, /src/components/index.css, /src/index.css[22m
[2m2:49:48 PM[22m [36m[1m[vite][22m[39m [90m[2m(client)[22m[39m [32mhmr update [39m[2m/src/components/Header.jsx, /src/App.css, /src/components/index.css, /src/index.css[22m
[2m2:55:34 PM[22m [36m[1m[vite][22m[39m [90m[2m(client)[22m[39m [32mhmr update [39m[2m/src/App.css, /src/components/index.css, /src/index.css, /src/components/NavBar.jsx[22m
[2m2:55:44 PM[22m [36m[1m[vite][22m[39m [90m[2m(client)[22m[39m [32mhmr update [39m[2m/src/App.css, /src/components/index.css, /src/index.css, /src/components/NavBar.jsx[22m
[2m2:56:22 PM[22m [36m[1m[vite][22m[39m [90m[2m(client)[22m[39m [32mhmr update [39m[2m/src/App.css, /src/components/index.css, /src/index.css, /src/components/NavBar.jsx[22m
[2m3:00:03 PM[22m [36m[1m[vite][22m[39m [90m[2m(client)[22m[39m [32mhmr update [39m[2m/src/App.css, /src/components/index.css, /src/index.css, /src/components/ContactButton.jsx[22m
[2m3:00:05 PM[22m [36m[1m[vite][22m[39m [90m[2m(client)[22m[39m [32mhmr update [39m[2m/src/components/Header.jsx, /src/App.css, /src/components/index.css, /src/index.css[22m
[2m3:28:42 PM[22m [36m[1m[vite][22m[39m [90m[2m(client)[22m[39m [32mhmr update [39m[2m/src/components/Header.jsx, /src/App.css, /src/components/index.css, /src/index.css[22m
[2m3:28:49 PM[22m [36m[1m[vite][22m[39m [90m[2m(client)[22m[39m [32mhmr update [39m[2m/src/components/Header.jsx, /src/App.css, /src/components/index.css, /src/index.css[22m
[2m3:30:35 PM[22m [36m[1m[vite][22m[39m [90m[2m(client)[22m[39m [32mhmr update [39m[2m/src/components/Header.jsx, /src/App.css, /src/components/index.css, /src/index.css[22m
[2m3:30:49 PM[22m [36m[1m[vite][22m[39m [90m[2m(client)[22m[39m [32mhmr update [39m[2m/src/components/Header.jsx, /src/App.css, /src/components/index.css, /src/index.css[22m
[2m3:33:11 PM[22m [36m[1m[vite][22m[39m [90m[2m(client)[22m[39m [32mhmr update [39m[2m/src/components/Header.jsx, /src/App.css, /src/components/index.css, /src/index.css[22m
[2m3:33:14 PM[22m [36m[1m[vite][22m[39m [90m[2m(client)[22m[39m [32mhmr update [39m[2m/src/components/Header.jsx, /src/App.css, /src/components/index.css, /src/index.css[22m
[2m3:33:36 PM[22m [36m[1m[vite][22m[39m [90m[2m(client)[22m[39m [32mhmr update [39m[2m/src/components/Header.jsx, /src/App.css, /src/components/index.css, /src/index.css[22m
[2m3:33:47 PM[22m [36m[1m[vite][22m[39m [90m[2m(client)[22m[39m [32mhmr update [39m[2m/src/components/Header.jsx, /src/App.css, /src/components/index.css, /src/index.css[22m
[2m3:33:55 PM[22m [36m[1m[vite][22m[39m [90m[2m(client)[22m[39m [32mhmr update [39m[2m/src/components/Header.jsx, /src/App.css, /src/components/index.css, /src/index.css[22m
[2m3:34:19 PM[22m [36m[1m[vite][22m[39m [90m[2m(client)[22m[39m [32mhmr update [39m[2m/src/components/Header.jsx, /src/App.css, /src/components/index.css, /src/index.css[22m
[2m3:34:29 PM[22m [36m[1m[vite][22m[39m [90m[2m(client)[22m[39m [32mhmr update [39m[2m/src/components/Header.jsx, /src/App.css, /src/components/index.css, /src/index.css[22m
[2m3:34:38 PM[22m [36m[1m[vite][22m[39m [90m[2m(client)[22m[39m [32mhmr update [39m[2m/src/components/Header.jsx, /src/App.css, /src/components/index.css, /src/index.css[22m
[2m3:34:51 PM[22m [36m[1m[vite][22m[39m [90m[2m(client)[22m[39m [32mhmr update [39m[2m/src/components/Header.jsx, /src/App.css, /src/components/index.css, /src/index.css[22m
[2m3:34:52 PM[22m [36m[1m[vite][22m[39m [90m[2m(client)[22m[39m [32mhmr update [39m[2m/src/components/Header.jsx, /src/App.css, /src/components/index.css, /src/index.css[22m
[2m3:34:55 PM[22m [36m[1m[vite][22m[39m [90m[2m(client)[22m[39m [32mhmr update [39m[2m/src/components/Header.jsx, /src/App.css, /src/components/index.css, /src/index.css[22m
[2m3:34:57 PM[22m [36m[1m[vite][22m[39m [90m[2m(client)[22m[39m [32mhmr update [39m[2m/src/components/Header.jsx, /src/App.css, /src/components/index.css, /src/index.css[22m
[2m3:35:08 PM[22m [36m[1m[vite][22m[39m [90m[2m(client)[22m[39m [32mhmr update [39m[2m/src/components/Header.jsx, /src/App.css, /src/components/index.css, /src/index.css[22m
[2m3:35:10 PM[22m [36m[1m[vite][22m[39m [90m[2m(client)[22m[39m [32mhmr update [39m[2m/src/components/Header.jsx, /src/App.css, /src/components/index.css, /src/index.css[22m
[2m3:37:17 PM[22m [36m[1m[vite][22m[39m [90m[2m(client)[22m[39m [32mhmr update [39m[2m/src/components/Header.jsx, /src/App.css, /src/components/index.css, /src/index.css[22m
[2m3:37:24 PM[22m [36m[1m[vite][22m[39m [90m[2m(client)[22m[39m [32mhmr update [39m[2m/src/components/Header.jsx, /src/App.css, /src/components/index.css, /src/index.css[22m
[2m3:37:34 PM[22m [36m[1m[vite][22m[39m [90m[2m(client)[22m[39m [32mhmr update [39m[2m/src/components/Header.jsx, /src/App.css, /src/components/index.css, /src/index.css[22m
[2m3:37:36 PM[22m [36m[1m[vite][22m[39m [90m[2m(client)[22m[39m [32mhmr update [39m[2m/src/components/Header.jsx, /src/App.css, /src/components/index.css, /src/index.css[22m
[2m3:37:37 PM[22m [36m[1m[vite][22m[39m [90m[2m(client)[22m[39m [32mhmr update [39m[2m/src/components/Header.jsx, /src/App.css, /src/components/index.css, /src/index.css[22m
[2m3:37:37 PM[22m [36m[1m[vite][22m[39m [90m[2m(client)[22m[39m [32mhmr update [39m[2m/src/components/Header.jsx, /src/App.css, /src/components/index.css, /src/index.css[22m
[2m3:41:49 PM[22m [36m[1m[vite][22m[39m [90m[2m(client)[22m[39m [32mpage reload [39m[2mindex.html[22m
[2m3:42:00 PM[22m [36m[1m[vite][22m[39m [90m[2m(client)[22m[39m [32mhmr update [39m[2m/src/components/Header.jsx, /src/App.css, /src/components/index.css, /src/index.css[22m
[2m3:42:09 PM[22m [36m[1m[vite][22m[39m [90m[2m(client)[22m[39m [32mpage reload [39m[2mindex.html[22m
[2m3:42:09 PM[22m [36m[1m[vite][22m[39m [90m[2m(client)[22m[39m [32mhmr update [39m[2m/src/components/Header.jsx, /src/App.css, /src/components/index.css, /src/index.css[22m
